<?xml version="1.0" encoding="UTF-8"?>
<!-- Generated by org.testng.reporters.JUnitReportReporter -->
<testsuite hostname="DESKTOP-D57A3PS" failures="0" tests="3" name="com.crm.qa.testcases.HomePageTest" time="65.022" errors="0" timestamp="15 Oct 2021 11:32:14 GMT" skipped="0">
  <testcase classname="com.crm.qa.testcases.HomePageTest" name="verifyHomePageTitleTest" time="22.292"/>
  <testcase classname="com.crm.qa.testcases.HomePageTest" name="verifUserNameTest" time="20.018"/>
  <testcase classname="com.crm.qa.testcases.HomePageTest" name="verifyContactsLinkTest" time="22.712"/>
</testsuite> <!-- com.crm.qa.testcases.HomePageTest -->
